<?xml version="1.0" encoding="UTF-8"?>
<testsuite name="test.AlarmTest" tests="5" skipped="0" failures="0" errors="0" timestamp="2021-08-14T20:20:32" hostname="DESKTOP-4DS1M3L" time="159.368">
  <properties/>
  <testcase name="Should_TypeAlarmTime()" classname="test.AlarmTest" time="35.946"/>
  <testcase name="Should_CreateAnAlarmAndDelete()" classname="test.AlarmTest" time="30.822"/>
  <testcase name="Should_CreateAndWriteDescription()" classname="test.AlarmTest" time="32.024"/>
  <testcase name="Should_CreateAnAlarm()" classname="test.AlarmTest" time="29.428"/>
  <testcase name="Should_CreateAlarmForTomorrow()" classname="test.AlarmTest" time="31.148"/>
  <system-out><![CDATA[//android.widget.TextView[@content-desc='Test Homework']
]]></system-out>
  <system-err><![CDATA[Aug 14, 2021 4:20:39 PM io.appium.java_client.remote.AppiumCommandExecutor$1 lambda$0
INFO: Detected dialect: W3C
Aug 14, 2021 4:21:15 PM io.appium.java_client.remote.AppiumCommandExecutor$1 lambda$0
INFO: Detected dialect: W3C
Aug 14, 2021 4:21:46 PM io.appium.java_client.remote.AppiumCommandExecutor$1 lambda$0
INFO: Detected dialect: W3C
Aug 14, 2021 4:22:18 PM io.appium.java_client.remote.AppiumCommandExecutor$1 lambda$0
INFO: Detected dialect: W3C
Aug 14, 2021 4:22:47 PM io.appium.java_client.remote.AppiumCommandExecutor$1 lambda$0
INFO: Detected dialect: W3C
]]></system-err>
</testsuite>
